<?xml version="1.0" encoding="UTF-8"?>
<testsuite xmlns:xsi="http://www.w3.org/2001/XMLSchema-instance" xsi:noNamespaceSchemaLocation="https://maven.apache.org/surefire/maven-surefire-plugin/xsd/surefire-test-report-3.0.xsd" version="3.0" name="Model.BossCollectionTest" time="0.002" tests="4" errors="0" skipped="0" failures="0">
  <properties>
[...]
</properties>
  <testcase name="testBossHitHero" classname="Model.BossCollectionTest" time="0.001">
    <system-out><![CDATA[bomb!
bomb!
bomb!
bomb!
]]></system-out>
  </testcase>
  <testcase name="testRemoveBoss" classname="Model.BossCollectionTest" time="0.0"/>
  <testcase name="testCreateBoss" classname="Model.BossCollectionTest" time="0.0">
    <system-out><![CDATA[boss1：1
]]></system-out>
  </testcase>
  <testcase name="testMoveBosses" classname="Model.BossCollectionTest" time="0.0"/>
</testsuite>